[1] "Files created (samples & time series): "
[[1]]
[1] NA

[[2]]
[1] "/home/alber/Documents/data/experiments/prodes_reproduction/data/samples/validated_prodes_225_063_2013-08-01starfm.Rdata"

[[3]]
[1] "/home/alber/Documents/data/experiments/prodes_reproduction/data/samples/validated_prodes_225_063_2014-08-01starfm.Rdata"

[[4]]
[1] NA

[[5]]
[1] "/home/alber/Documents/data/experiments/prodes_reproduction/data/samples/validated_prodes_225_063_2016-08-01starfm.Rdata"

[[6]]
[1] NA

[[7]]
[1] NA

[[8]]
[1] "/home/alber/Documents/data/experiments/prodes_reproduction/data/samples/validated_prodes_226_064_2014-08-01starfm.Rdata"

[[9]]
[1] "/home/alber/Documents/data/experiments/prodes_reproduction/data/samples/validated_prodes_226_064_2015-08-01starfm.Rdata"

[[10]]
[1] "/home/alber/Documents/data/experiments/prodes_reproduction/data/samples/validated_prodes_226_064_2016-08-01starfm.Rdata"

[[11]]
[1] NA

[[12]]
[1] NA

[[13]]
[1] "/home/alber/Documents/data/experiments/prodes_reproduction/data/samples/validated_prodes_233_067_2014-08-01starfm.Rdata"

[[14]]
[1] "/home/alber/Documents/data/experiments/prodes_reproduction/data/samples/validated_prodes_233_067_2015-08-01starfm.Rdata"

[[15]]
[1] "/home/alber/Documents/data/experiments/prodes_reproduction/data/samples/validated_prodes_233_067_2016-08-01starfm.Rdata"

[1] "Done!"
